<?xml version="1.0" encoding="UTF-8"?>
<!-- Generated by org.testng.reporters.JUnitXMLReporter -->
<testsuite hostname="sai" ignored="0" name="execute" tests="1" failures="1" timestamp="20 Jun 2018 03:34:33 GMT" time="0.155" errors="0">
  <testcase name="execute" time="0.082" classname="pack2.Parameter">
    <failure type="java.lang.IllegalStateException" message="The driver executable does not exist: F:\JARFILES1\chromedriver_win32.exe">
      <![CDATA[java.lang.IllegalStateException: The driver executable does not exist: F:\JARFILES1\chromedriver_win32.exe
at com.google.common.base.Preconditions.checkState(Preconditions.java:585)
at org.openqa.selenium.remote.service.DriverService.checkExecutable(DriverService.java:136)
at org.openqa.selenium.remote.service.DriverService.findExecutable(DriverService.java:131)
at org.openqa.selenium.chrome.ChromeDriverService.access$000(ChromeDriverService.java:33)
at org.openqa.selenium.chrome.ChromeDriverService$Builder.findDefaultExecutable(ChromeDriverService.java:139)
at org.openqa.selenium.remote.service.DriverService$Builder.build(DriverService.java:335)
at org.openqa.selenium.chrome.ChromeDriverService.createDefaultService(ChromeDriverService.java:89)
at org.openqa.selenium.chrome.ChromeDriver.<init>(ChromeDriver.java:123)
at pack2.Parameter.execute(Parameter.java:18)
... Removed 25 stack frames]]>
    </failure>
  </testcase> <!-- execute -->
</testsuite> <!-- execute -->
